Analysis & Synthesis report for matrixCNN
Mon Jul  8 18:55:11 2019
Quartus Prime Version 16.1.0 Build 196 10/24/2016 SJ Standard Edition


---------------------
; Table of Contents ;
---------------------
  1. Legal Notice
  2. Analysis & Synthesis Summary
  3. Analysis & Synthesis Settings
  4. Parallel Compilation
  5. Analysis & Synthesis Source Files Read
  6. Analysis & Synthesis Resource Usage Summary
  7. Analysis & Synthesis Resource Utilization by Entity
  8. Analysis & Synthesis RAM Summary
  9. Analysis & Synthesis DSP Block Usage Summary
 10. Analysis & Synthesis IP Cores Summary
 11. Registers Removed During Synthesis
 12. General Register Statistics
 13. Inverted Register Statistics
 14. Multiplexer Restructuring Statistics (Restructuring Performed)
 15. Source assignments for img:rom_img|altsyncram:altsyncram_component|altsyncram_2b04:auto_generated
 16. Source assignments for filter:rom_filter1|altsyncram:altsyncram_component|altsyncram_7804:auto_generated
 17. Source assignments for filter:rom_filter2|altsyncram:altsyncram_component|altsyncram_7804:auto_generated
 18. Parameter Settings for User Entity Instance: img:rom_img|altsyncram:altsyncram_component
 19. Parameter Settings for User Entity Instance: filter:rom_filter1|altsyncram:altsyncram_component
 20. Parameter Settings for User Entity Instance: filter:rom_filter2|altsyncram:altsyncram_component
 21. altsyncram Parameter Settings by Entity Instance
 22. Post-Synthesis Netlist Statistics for Top Partition
 23. Elapsed Time Per Partition
 24. Analysis & Synthesis Messages



----------------
; Legal Notice ;
----------------
Copyright (C) 2016  Intel Corporation. All rights reserved.
Your use of Intel Corporation's design tools, logic functions 
and other software and tools, and its AMPP partner logic 
functions, and any output files from any of the foregoing 
(including device programming or simulation files), and any 
associated documentation or information are expressly subject 
to the terms and conditions of the Intel Program License 
Subscription Agreement, the Intel Quartus Prime License Agreement,
the Intel MegaCore Function License Agreement, or other 
applicable license agreement, including, without limitation, 
that your use is for the sole purpose of programming logic 
devices manufactured by Intel and sold by Intel or its 
authorized distributors.  Please refer to the applicable 
agreement for further details.



+-----------------------------------------------------------------------------------+
; Analysis & Synthesis Summary                                                      ;
+---------------------------------+-------------------------------------------------+
; Analysis & Synthesis Status     ; Successful - Mon Jul  8 18:55:11 2019           ;
; Quartus Prime Version           ; 16.1.0 Build 196 10/24/2016 SJ Standard Edition ;
; Revision Name                   ; matrixCNN                                       ;
; Top-level Entity Name           ; convolution_n_pixels                            ;
; Family                          ; Cyclone V                                       ;
; Logic utilization (in ALMs)     ; N/A                                             ;
; Total registers                 ; 232                                             ;
; Total pins                      ; 10                                              ;
; Total virtual pins              ; 0                                               ;
; Total block memory bits         ; 832                                             ;
; Total DSP Blocks                ; 18                                              ;
; Total HSSI RX PCSs              ; 0                                               ;
; Total HSSI PMA RX Deserializers ; 0                                               ;
; Total HSSI TX PCSs              ; 0                                               ;
; Total HSSI PMA TX Serializers   ; 0                                               ;
; Total PLLs                      ; 0                                               ;
; Total DLLs                      ; 0                                               ;
+---------------------------------+-------------------------------------------------+


+-----------------------------------------------------------------------------------------------------------------------------+
; Analysis & Synthesis Settings                                                                                               ;
+---------------------------------------------------------------------------------+----------------------+--------------------+
; Option                                                                          ; Setting              ; Default Value      ;
+---------------------------------------------------------------------------------+----------------------+--------------------+
; Device                                                                          ; 5CEBA4F23C7          ;                    ;
; Top-level entity name                                                           ; convolution_n_pixels ; matrixCNN          ;
; Family name                                                                     ; Cyclone V            ; Cyclone V          ;
; Use smart compilation                                                           ; Off                  ; Off                ;
; Enable parallel Assembler and TimeQuest Timing Analyzer during compilation      ; On                   ; On                 ;
; Enable compact report table                                                     ; Off                  ; Off                ;
; Restructure Multiplexers                                                        ; Auto                 ; Auto               ;
; MLAB Add Timing Constraints For Mixed-Port Feed-Through Mode Setting Don't Care ; Off                  ; Off                ;
; Create Debugging Nodes for IP Cores                                             ; Off                  ; Off                ;
; Preserve fewer node names                                                       ; On                   ; On                 ;
; OpenCore Plus hardware evaluation                                               ; Enable               ; Enable             ;
; Verilog Version                                                                 ; Verilog_2001         ; Verilog_2001       ;
; VHDL Version                                                                    ; VHDL_1993            ; VHDL_1993          ;
; State Machine Processing                                                        ; Auto                 ; Auto               ;
; Safe State Machine                                                              ; Off                  ; Off                ;
; Extract Verilog State Machines                                                  ; On                   ; On                 ;
; Extract VHDL State Machines                                                     ; On                   ; On                 ;
; Ignore Verilog initial constructs                                               ; Off                  ; Off                ;
; Iteration limit for constant Verilog loops                                      ; 5000                 ; 5000               ;
; Iteration limit for non-constant Verilog loops                                  ; 250                  ; 250                ;
; Add Pass-Through Logic to Inferred RAMs                                         ; On                   ; On                 ;
; Infer RAMs from Raw Logic                                                       ; On                   ; On                 ;
; Parallel Synthesis                                                              ; On                   ; On                 ;
; DSP Block Balancing                                                             ; Auto                 ; Auto               ;
; NOT Gate Push-Back                                                              ; On                   ; On                 ;
; Power-Up Don't Care                                                             ; On                   ; On                 ;
; Remove Redundant Logic Cells                                                    ; Off                  ; Off                ;
; Remove Duplicate Registers                                                      ; On                   ; On                 ;
; Ignore CARRY Buffers                                                            ; Off                  ; Off                ;
; Ignore CASCADE Buffers                                                          ; Off                  ; Off                ;
; Ignore GLOBAL Buffers                                                           ; Off                  ; Off                ;
; Ignore ROW GLOBAL Buffers                                                       ; Off                  ; Off                ;
; Ignore LCELL Buffers                                                            ; Off                  ; Off                ;
; Ignore SOFT Buffers                                                             ; On                   ; On                 ;
; Limit AHDL Integers to 32 Bits                                                  ; Off                  ; Off                ;
; Optimization Technique                                                          ; Balanced             ; Balanced           ;
; Carry Chain Length                                                              ; 70                   ; 70                 ;
; Auto Carry Chains                                                               ; On                   ; On                 ;
; Auto Open-Drain Pins                                                            ; On                   ; On                 ;
; Perform WYSIWYG Primitive Resynthesis                                           ; Off                  ; Off                ;
; Auto ROM Replacement                                                            ; On                   ; On                 ;
; Auto RAM Replacement                                                            ; On                   ; On                 ;
; Auto DSP Block Replacement                                                      ; On                   ; On                 ;
; Auto Shift Register Replacement                                                 ; Auto                 ; Auto               ;
; Allow Shift Register Merging across Hierarchies                                 ; Auto                 ; Auto               ;
; Auto Clock Enable Replacement                                                   ; On                   ; On                 ;
; Strict RAM Replacement                                                          ; Off                  ; Off                ;
; Allow Synchronous Control Signals                                               ; On                   ; On                 ;
; Force Use of Synchronous Clear Signals                                          ; Off                  ; Off                ;
; Auto Resource Sharing                                                           ; Off                  ; Off                ;
; Allow Any RAM Size For Recognition                                              ; Off                  ; Off                ;
; Allow Any ROM Size For Recognition                                              ; Off                  ; Off                ;
; Allow Any Shift Register Size For Recognition                                   ; Off                  ; Off                ;
; Use LogicLock Constraints during Resource Balancing                             ; On                   ; On                 ;
; Ignore translate_off and synthesis_off directives                               ; Off                  ; Off                ;
; Timing-Driven Synthesis                                                         ; On                   ; On                 ;
; Report Parameter Settings                                                       ; On                   ; On                 ;
; Report Source Assignments                                                       ; On                   ; On                 ;
; Report Connectivity Checks                                                      ; On                   ; On                 ;
; Ignore Maximum Fan-Out Assignments                                              ; Off                  ; Off                ;
; Synchronization Register Chain Length                                           ; 3                    ; 3                  ;
; PowerPlay Power Optimization During Synthesis                                   ; Normal compilation   ; Normal compilation ;
; HDL message level                                                               ; Level2               ; Level2             ;
; Suppress Register Optimization Related Messages                                 ; Off                  ; Off                ;
; Number of Removed Registers Reported in Synthesis Report                        ; 5000                 ; 5000               ;
; Number of Swept Nodes Reported in Synthesis Report                              ; 5000                 ; 5000               ;
; Number of Inverted Registers Reported in Synthesis Report                       ; 100                  ; 100                ;
; Clock MUX Protection                                                            ; On                   ; On                 ;
; Auto Gated Clock Conversion                                                     ; Off                  ; Off                ;
; Block Design Naming                                                             ; Auto                 ; Auto               ;
; SDC constraint protection                                                       ; Off                  ; Off                ;
; Synthesis Effort                                                                ; Auto                 ; Auto               ;
; Shift Register Replacement - Allow Asynchronous Clear Signal                    ; On                   ; On                 ;
; Pre-Mapping Resynthesis Optimization                                            ; Off                  ; Off                ;
; Analysis & Synthesis Message Level                                              ; Medium               ; Medium             ;
; Disable Register Merging Across Hierarchies                                     ; Auto                 ; Auto               ;
; Resource Aware Inference For Block RAM                                          ; On                   ; On                 ;
; Automatic Parallel Synthesis                                                    ; On                   ; On                 ;
; Partial Reconfiguration Bitstream ID                                            ; Off                  ; Off                ;
+---------------------------------------------------------------------------------+----------------------+--------------------+


+------------------------------------------+
; Parallel Compilation                     ;
+----------------------------+-------------+
; Processors                 ; Number      ;
+----------------------------+-------------+
; Number detected on machine ; 8           ;
; Maximum allowed            ; 4           ;
;                            ;             ;
; Average used               ; 1.00        ;
; Maximum used               ; 4           ;
;                            ;             ;
; Usage by Processor         ; % Time Used ;
;     Processor 1            ; 100.0%      ;
;     Processor 2            ;   0.0%      ;
;     Processor 3            ;   0.0%      ;
;     Processor 4            ;   0.0%      ;
+----------------------------+-------------+


+----------------------------------------------------------------------------------------------------------------------------------------------------------------------------------------+
; Analysis & Synthesis Source Files Read                                                                                                                                                 ;
+----------------------------------+-----------------+---------------------------------------+---------------------------------------------------------------------------------+---------+
; File Name with User-Entered Path ; Used in Netlist ; File Type                             ; File Name with Absolute Path                                                    ; Library ;
+----------------------------------+-----------------+---------------------------------------+---------------------------------------------------------------------------------+---------+
; convolution_1_pixel.vhd          ; yes             ; User VHDL File                        ; /home/caio/Documentos/FPGA/matrixCNNv2/convolution_1_pixel.vhd                  ;         ;
; convolution_n_pixels.vhd         ; yes             ; User VHDL File                        ; /home/caio/Documentos/FPGA/matrixCNNv2/convolution_n_pixels.vhd                 ;         ;
; img.vhd                          ; yes             ; User Wizard-Generated File            ; /home/caio/Documentos/FPGA/matrixCNNv2/img.vhd                                  ;         ;
; filter.vhd                       ; yes             ; User Wizard-Generated File            ; /home/caio/Documentos/FPGA/matrixCNNv2/filter.vhd                               ;         ;
; img_cpt.hex                      ; yes             ; User Hexadecimal (Intel-Format) File  ; /home/caio/Documentos/FPGA/matrixCNNv2/img_cpt.hex                              ;         ;
; filter.hex                       ; yes             ; User Hexadecimal (Intel-Format) File  ; /home/caio/Documentos/FPGA/matrixCNNv2/filter.hex                               ;         ;
; altsyncram.tdf                   ; yes             ; Megafunction                          ; /home/caio/intelFPGA/16.1/quartus/libraries/megafunctions/altsyncram.tdf        ;         ;
; stratix_ram_block.inc            ; yes             ; Megafunction                          ; /home/caio/intelFPGA/16.1/quartus/libraries/megafunctions/stratix_ram_block.inc ;         ;
; lpm_mux.inc                      ; yes             ; Megafunction                          ; /home/caio/intelFPGA/16.1/quartus/libraries/megafunctions/lpm_mux.inc           ;         ;
; lpm_decode.inc                   ; yes             ; Megafunction                          ; /home/caio/intelFPGA/16.1/quartus/libraries/megafunctions/lpm_decode.inc        ;         ;
; aglobal161.inc                   ; yes             ; Megafunction                          ; /home/caio/intelFPGA/16.1/quartus/libraries/megafunctions/aglobal161.inc        ;         ;
; a_rdenreg.inc                    ; yes             ; Megafunction                          ; /home/caio/intelFPGA/16.1/quartus/libraries/megafunctions/a_rdenreg.inc         ;         ;
; altrom.inc                       ; yes             ; Megafunction                          ; /home/caio/intelFPGA/16.1/quartus/libraries/megafunctions/altrom.inc            ;         ;
; altram.inc                       ; yes             ; Megafunction                          ; /home/caio/intelFPGA/16.1/quartus/libraries/megafunctions/altram.inc            ;         ;
; altdpram.inc                     ; yes             ; Megafunction                          ; /home/caio/intelFPGA/16.1/quartus/libraries/megafunctions/altdpram.inc          ;         ;
; db/altsyncram_2b04.tdf           ; yes             ; Auto-Generated Megafunction           ; /home/caio/Documentos/FPGA/matrixCNNv2/db/altsyncram_2b04.tdf                   ;         ;
; db/altsyncram_7804.tdf           ; yes             ; Auto-Generated Megafunction           ; /home/caio/Documentos/FPGA/matrixCNNv2/db/altsyncram_7804.tdf                   ;         ;
+----------------------------------+-----------------+---------------------------------------+---------------------------------------------------------------------------------+---------+


+---------------------------------------------------------+
; Analysis & Synthesis Resource Usage Summary             ;
+---------------------------------------------+-----------+
; Resource                                    ; Usage     ;
+---------------------------------------------+-----------+
; Estimate of Logic utilization (ALMs needed) ; 140       ;
;                                             ;           ;
; Combinational ALUT usage for logic          ; 144       ;
;     -- 7 input functions                    ; 0         ;
;     -- 6 input functions                    ; 6         ;
;     -- 5 input functions                    ; 11        ;
;     -- 4 input functions                    ; 10        ;
;     -- <=3 input functions                  ; 117       ;
;                                             ;           ;
; Dedicated logic registers                   ; 232       ;
;                                             ;           ;
; I/O pins                                    ; 10        ;
; Total MLAB memory bits                      ; 0         ;
; Total block memory bits                     ; 832       ;
;                                             ;           ;
; Total DSP Blocks                            ; 18        ;
;                                             ;           ;
; Maximum fan-out node                        ; clk~input ;
; Maximum fan-out                             ; 258       ;
; Total fan-out                               ; 1808      ;
; Average fan-out                             ; 4.11      ;
+---------------------------------------------+-----------+


+----------------------------------------------------------------------------------------------------------------------------------------------------------------------------------------------------------------------------------------------------------------------------------------------------+
; Analysis & Synthesis Resource Utilization by Entity                                                                                                                                                                                                                                                ;
+-------------------------------------------+---------------------+---------------------------+-------------------+------------+------+--------------+---------------------------------------------------------------------------------------------------------+----------------------+--------------+
; Compilation Hierarchy Node                ; Combinational ALUTs ; Dedicated Logic Registers ; Block Memory Bits ; DSP Blocks ; Pins ; Virtual Pins ; Full Hierarchy Name                                                                                     ; Entity Name          ; Library Name ;
+-------------------------------------------+---------------------+---------------------------+-------------------+------------+------+--------------+---------------------------------------------------------------------------------------------------------+----------------------+--------------+
; |convolution_n_pixels                     ; 144 (46)            ; 232 (224)                 ; 832               ; 18         ; 10   ; 0            ; |convolution_n_pixels                                                                                   ; convolution_n_pixels ; work         ;
;    |convolution_1_pixel:cv_1|             ; 98 (98)             ; 8 (8)                     ; 0                 ; 18         ; 0    ; 0            ; |convolution_n_pixels|convolution_1_pixel:cv_1                                                          ; convolution_1_pixel  ; work         ;
;    |filter:rom_filter1|                   ; 0 (0)               ; 0 (0)                     ; 288               ; 0          ; 0    ; 0            ; |convolution_n_pixels|filter:rom_filter1                                                                ; filter               ; work         ;
;       |altsyncram:altsyncram_component|   ; 0 (0)               ; 0 (0)                     ; 288               ; 0          ; 0    ; 0            ; |convolution_n_pixels|filter:rom_filter1|altsyncram:altsyncram_component                                ; altsyncram           ; work         ;
;          |altsyncram_7804:auto_generated| ; 0 (0)               ; 0 (0)                     ; 288               ; 0          ; 0    ; 0            ; |convolution_n_pixels|filter:rom_filter1|altsyncram:altsyncram_component|altsyncram_7804:auto_generated ; altsyncram_7804      ; work         ;
;    |filter:rom_filter2|                   ; 0 (0)               ; 0 (0)                     ; 288               ; 0          ; 0    ; 0            ; |convolution_n_pixels|filter:rom_filter2                                                                ; filter               ; work         ;
;       |altsyncram:altsyncram_component|   ; 0 (0)               ; 0 (0)                     ; 288               ; 0          ; 0    ; 0            ; |convolution_n_pixels|filter:rom_filter2|altsyncram:altsyncram_component                                ; altsyncram           ; work         ;
;          |altsyncram_7804:auto_generated| ; 0 (0)               ; 0 (0)                     ; 288               ; 0          ; 0    ; 0            ; |convolution_n_pixels|filter:rom_filter2|altsyncram:altsyncram_component|altsyncram_7804:auto_generated ; altsyncram_7804      ; work         ;
;    |img:rom_img|                          ; 0 (0)               ; 0 (0)                     ; 256               ; 0          ; 0    ; 0            ; |convolution_n_pixels|img:rom_img                                                                       ; img                  ; work         ;
;       |altsyncram:altsyncram_component|   ; 0 (0)               ; 0 (0)                     ; 256               ; 0          ; 0    ; 0            ; |convolution_n_pixels|img:rom_img|altsyncram:altsyncram_component                                       ; altsyncram           ; work         ;
;          |altsyncram_2b04:auto_generated| ; 0 (0)               ; 0 (0)                     ; 256               ; 0          ; 0    ; 0            ; |convolution_n_pixels|img:rom_img|altsyncram:altsyncram_component|altsyncram_2b04:auto_generated        ; altsyncram_2b04      ; work         ;
+-------------------------------------------+---------------------+---------------------------+-------------------+------------+------+--------------+---------------------------------------------------------------------------------------------------------+----------------------+--------------+
Note: For table entries with two numbers listed, the numbers in parentheses indicate the number of resources of the given type used by the specific entity alone. The numbers listed outside of parentheses indicate the total resources of the given type used by the specific entity and all of its sub-entities in the hierarchy.


+-------------------------------------------------------------------------------------------------------------------------------------------------------------------------------------------------------+
; Analysis & Synthesis RAM Summary                                                                                                                                                                      ;
+----------------------------------------------------------------------------------------------+------+----------------+--------------+--------------+--------------+--------------+------+-------------+
; Name                                                                                         ; Type ; Mode           ; Port A Depth ; Port A Width ; Port B Depth ; Port B Width ; Size ; MIF         ;
+----------------------------------------------------------------------------------------------+------+----------------+--------------+--------------+--------------+--------------+------+-------------+
; filter:rom_filter1|altsyncram:altsyncram_component|altsyncram_7804:auto_generated|ALTSYNCRAM ; AUTO ; True Dual Port ; 32           ; 9            ; 32           ; 9            ; 288  ; filter.hex  ;
; filter:rom_filter2|altsyncram:altsyncram_component|altsyncram_7804:auto_generated|ALTSYNCRAM ; AUTO ; True Dual Port ; 32           ; 9            ; 32           ; 9            ; 288  ; filter.hex  ;
; img:rom_img|altsyncram:altsyncram_component|altsyncram_2b04:auto_generated|ALTSYNCRAM        ; AUTO ; True Dual Port ; 32           ; 8            ; 32           ; 8            ; 256  ; img_cpt.hex ;
+----------------------------------------------------------------------------------------------+------+----------------+--------------+--------------+--------------+--------------+------+-------------+


+-------------------------------------------------+
; Analysis & Synthesis DSP Block Usage Summary    ;
+-----------------------------------+-------------+
; Statistic                         ; Number Used ;
+-----------------------------------+-------------+
; Two Independent 18x18             ; 18          ;
; Total number of DSP blocks        ; 18          ;
;                                   ;             ;
; Fixed Point Mixed Sign Multiplier ; 18          ;
+-----------------------------------+-------------+


+----------------------------------------------------------------------------------------------------------------------------+
; Analysis & Synthesis IP Cores Summary                                                                                      ;
+--------+--------------+---------+--------------+--------------+------------------------------------------+-----------------+
; Vendor ; IP Core Name ; Version ; Release Date ; License Type ; Entity Instance                          ; IP Include File ;
+--------+--------------+---------+--------------+--------------+------------------------------------------+-----------------+
; Altera ; ROM: 2-PORT  ; 16.1    ; N/A          ; N/A          ; |convolution_n_pixels|filter:rom_filter1 ; filter.vhd      ;
; Altera ; ROM: 2-PORT  ; 16.1    ; N/A          ; N/A          ; |convolution_n_pixels|filter:rom_filter2 ; filter.vhd      ;
; Altera ; ROM: 2-PORT  ; 16.1    ; N/A          ; N/A          ; |convolution_n_pixels|img:rom_img        ; img.vhd         ;
+--------+--------------+---------+--------------+--------------+------------------------------------------+-----------------+


+---------------------------------------------------------------------------------+
; Registers Removed During Synthesis                                              ;
+----------------------------------------+----------------------------------------+
; Register name                          ; Reason for Removal                     ;
+----------------------------------------+----------------------------------------+
; filter_address_b[0]                    ; Stuck at VCC due to stuck port data_in ;
; filter_address_a[0]                    ; Stuck at GND due to stuck port data_in ;
; img_address_b[0]                       ; Stuck at VCC due to stuck port data_in ;
; img_address_a[0]                       ; Stuck at GND due to stuck port data_in ;
; img_address_b[1]                       ; Merged with img_address_a[1]           ;
; img_address_b[2]                       ; Merged with img_address_a[2]           ;
; img_address_b[3]                       ; Merged with img_address_a[3]           ;
; img_address_b[4]                       ; Merged with img_address_a[4]           ;
; filter_address_b[1]                    ; Merged with filter_address_a[1]        ;
; filter_address_b[2]                    ; Merged with filter_address_a[2]        ;
; filter_address_b[3]                    ; Merged with filter_address_a[3]        ;
; filter_address_b[4]                    ; Merged with filter_address_a[4]        ;
; \convolution:index_matrix[0]           ; Stuck at GND due to stuck port data_in ;
; input_filter[7][0]                     ; Merged with input_filter[16][0]        ;
; input_filter[5][0]                     ; Merged with input_filter[14][0]        ;
; input_filter[3][0]                     ; Merged with input_filter[12][0]        ;
; input_filter[7][1]                     ; Merged with input_filter[16][1]        ;
; input_filter[7][2]                     ; Merged with input_filter[16][2]        ;
; input_filter[7][3]                     ; Merged with input_filter[16][3]        ;
; input_filter[7][4]                     ; Merged with input_filter[16][4]        ;
; input_filter[7][5]                     ; Merged with input_filter[16][5]        ;
; input_filter[7][6]                     ; Merged with input_filter[16][6]        ;
; input_filter[7][7]                     ; Merged with input_filter[16][7]        ;
; input_filter[7][8]                     ; Merged with input_filter[16][8]        ;
; input_filter[5][1]                     ; Merged with input_filter[14][1]        ;
; input_filter[5][2]                     ; Merged with input_filter[14][2]        ;
; input_filter[5][3]                     ; Merged with input_filter[14][3]        ;
; input_filter[5][4]                     ; Merged with input_filter[14][4]        ;
; input_filter[5][5]                     ; Merged with input_filter[14][5]        ;
; input_filter[5][6]                     ; Merged with input_filter[14][6]        ;
; input_filter[5][7]                     ; Merged with input_filter[14][7]        ;
; input_filter[5][8]                     ; Merged with input_filter[14][8]        ;
; input_filter[3][1]                     ; Merged with input_filter[12][1]        ;
; input_filter[3][2]                     ; Merged with input_filter[12][2]        ;
; input_filter[3][3]                     ; Merged with input_filter[12][3]        ;
; input_filter[3][4]                     ; Merged with input_filter[12][4]        ;
; input_filter[3][5]                     ; Merged with input_filter[12][5]        ;
; input_filter[3][6]                     ; Merged with input_filter[12][6]        ;
; input_filter[3][7]                     ; Merged with input_filter[12][7]        ;
; input_filter[3][8]                     ; Merged with input_filter[12][8]        ;
; Total Number of Removed Registers = 40 ;                                        ;
+----------------------------------------+----------------------------------------+


+------------------------------------------------------+
; General Register Statistics                          ;
+----------------------------------------------+-------+
; Statistic                                    ; Value ;
+----------------------------------------------+-------+
; Total registers                              ; 232   ;
; Number of registers using Synchronous Clear  ; 16    ;
; Number of registers using Synchronous Load   ; 45    ;
; Number of registers using Asynchronous Clear ; 0     ;
; Number of registers using Asynchronous Load  ; 0     ;
; Number of registers using Clock Enable       ; 220   ;
; Number of registers using Preset             ; 0     ;
+----------------------------------------------+-------+


+--------------------------------------------------+
; Inverted Register Statistics                     ;
+----------------------------------------+---------+
; Inverted Register                      ; Fan out ;
+----------------------------------------+---------+
; \convolution:delay[0]                  ; 12      ;
; \convolution:cont_clock[0]             ; 8       ;
; \convolution:enable_buffer_filter      ; 16      ;
; Total number of inverted registers = 3 ;         ;
+----------------------------------------+---------+


+----------------------------------------------------------------------------------------------------------------------------------------------------------------------+
; Multiplexer Restructuring Statistics (Restructuring Performed)                                                                                                       ;
+--------------------+-----------+---------------+----------------------+------------------------+------------+--------------------------------------------------------+
; Multiplexer Inputs ; Bus Width ; Baseline Area ; Area if Restructured ; Saving if Restructured ; Registered ; Example Multiplexer Output                             ;
+--------------------+-----------+---------------+----------------------+------------------------+------------+--------------------------------------------------------+
; 3:1                ; 8 bits    ; 16 LEs        ; 8 LEs                ; 8 LEs                  ; Yes        ; |convolution_n_pixels|convolution_1_pixel:cv_1|cv_o[1] ;
; 3:1                ; 16 bits   ; 32 LEs        ; 0 LEs                ; 32 LEs                 ; Yes        ; |convolution_n_pixels|input_matrix[1][1]               ;
; 3:1                ; 16 bits   ; 32 LEs        ; 0 LEs                ; 32 LEs                 ; Yes        ; |convolution_n_pixels|input_matrix[2][7]               ;
; 3:1                ; 16 bits   ; 32 LEs        ; 0 LEs                ; 32 LEs                 ; Yes        ; |convolution_n_pixels|input_matrix[5][0]               ;
; 3:1                ; 16 bits   ; 32 LEs        ; 0 LEs                ; 32 LEs                 ; Yes        ; |convolution_n_pixels|input_matrix[7][0]               ;
; 3:1                ; 8 bits    ; 16 LEs        ; 0 LEs                ; 16 LEs                 ; Yes        ; |convolution_n_pixels|filter_address_a[3]              ;
; 4:1                ; 8 bits    ; 16 LEs        ; 0 LEs                ; 16 LEs                 ; Yes        ; |convolution_n_pixels|input_matrix[8][0]               ;
; 4:1                ; 18 bits   ; 36 LEs        ; 0 LEs                ; 36 LEs                 ; Yes        ; |convolution_n_pixels|input_filter[0][2]               ;
; 4:1                ; 27 bits   ; 54 LEs        ; 0 LEs                ; 54 LEs                 ; Yes        ; |convolution_n_pixels|input_filter[12][6]              ;
; 4:1                ; 27 bits   ; 54 LEs        ; 0 LEs                ; 54 LEs                 ; Yes        ; |convolution_n_pixels|input_filter[4][7]               ;
; 4:1                ; 27 bits   ; 54 LEs        ; 0 LEs                ; 54 LEs                 ; Yes        ; |convolution_n_pixels|input_filter[6][3]               ;
; 4:1                ; 9 bits    ; 18 LEs        ; 0 LEs                ; 18 LEs                 ; Yes        ; |convolution_n_pixels|input_filter[17][8]              ;
; 4:1                ; 2 bits    ; 4 LEs         ; 4 LEs                ; 0 LEs                  ; Yes        ; |convolution_n_pixels|\convolution:cont_clock[1]       ;
; 5:1                ; 3 bits    ; 9 LEs         ; 6 LEs                ; 3 LEs                  ; Yes        ; |convolution_n_pixels|\convolution:index_matrix[1]     ;
; 5:1                ; 9 bits    ; 27 LEs        ; 0 LEs                ; 27 LEs                 ; Yes        ; |convolution_n_pixels|input_filter[9][5]               ;
; 5:1                ; 9 bits    ; 27 LEs        ; 0 LEs                ; 27 LEs                 ; Yes        ; |convolution_n_pixels|input_filter[10][2]              ;
; 5:1                ; 9 bits    ; 27 LEs        ; 0 LEs                ; 27 LEs                 ; Yes        ; |convolution_n_pixels|input_filter[11][6]              ;
; 5:1                ; 9 bits    ; 27 LEs        ; 0 LEs                ; 27 LEs                 ; Yes        ; |convolution_n_pixels|input_filter[13][1]              ;
; 5:1                ; 9 bits    ; 27 LEs        ; 0 LEs                ; 27 LEs                 ; Yes        ; |convolution_n_pixels|input_filter[15][6]              ;
; 5:1                ; 9 bits    ; 27 LEs        ; 0 LEs                ; 27 LEs                 ; Yes        ; |convolution_n_pixels|input_filter[8][0]               ;
+--------------------+-----------+---------------+----------------------+------------------------+------------+--------------------------------------------------------+


+---------------------------------------------------------------------------------------------------+
; Source assignments for img:rom_img|altsyncram:altsyncram_component|altsyncram_2b04:auto_generated ;
+---------------------------------+--------------------+------+-------------------------------------+
; Assignment                      ; Value              ; From ; To                                  ;
+---------------------------------+--------------------+------+-------------------------------------+
; OPTIMIZE_POWER_DURING_SYNTHESIS ; NORMAL_COMPILATION ; -    ; -                                   ;
+---------------------------------+--------------------+------+-------------------------------------+


+----------------------------------------------------------------------------------------------------------+
; Source assignments for filter:rom_filter1|altsyncram:altsyncram_component|altsyncram_7804:auto_generated ;
+---------------------------------+--------------------+------+--------------------------------------------+
; Assignment                      ; Value              ; From ; To                                         ;
+---------------------------------+--------------------+------+--------------------------------------------+
; OPTIMIZE_POWER_DURING_SYNTHESIS ; NORMAL_COMPILATION ; -    ; -                                          ;
+---------------------------------+--------------------+------+--------------------------------------------+


+----------------------------------------------------------------------------------------------------------+
; Source assignments for filter:rom_filter2|altsyncram:altsyncram_component|altsyncram_7804:auto_generated ;
+---------------------------------+--------------------+------+--------------------------------------------+
; Assignment                      ; Value              ; From ; To                                         ;
+---------------------------------+--------------------+------+--------------------------------------------+
; OPTIMIZE_POWER_DURING_SYNTHESIS ; NORMAL_COMPILATION ; -    ; -                                          ;
+---------------------------------+--------------------+------+--------------------------------------------+


+------------------------------------------------------------------------------------------+
; Parameter Settings for User Entity Instance: img:rom_img|altsyncram:altsyncram_component ;
+------------------------------------+----------------------+------------------------------+
; Parameter Name                     ; Value                ; Type                         ;
+------------------------------------+----------------------+------------------------------+
; BYTE_SIZE_BLOCK                    ; 8                    ; Untyped                      ;
; AUTO_CARRY_CHAINS                  ; ON                   ; AUTO_CARRY                   ;
; IGNORE_CARRY_BUFFERS               ; OFF                  ; IGNORE_CARRY                 ;
; AUTO_CASCADE_CHAINS                ; ON                   ; AUTO_CASCADE                 ;
; IGNORE_CASCADE_BUFFERS             ; OFF                  ; IGNORE_CASCADE               ;
; WIDTH_BYTEENA                      ; 1                    ; Untyped                      ;
; OPERATION_MODE                     ; BIDIR_DUAL_PORT      ; Untyped                      ;
; WIDTH_A                            ; 8                    ; Signed Integer               ;
; WIDTHAD_A                          ; 5                    ; Signed Integer               ;
; NUMWORDS_A                         ; 32                   ; Signed Integer               ;
; OUTDATA_REG_A                      ; CLOCK0               ; Untyped                      ;
; ADDRESS_ACLR_A                     ; NONE                 ; Untyped                      ;
; OUTDATA_ACLR_A                     ; NONE                 ; Untyped                      ;
; WRCONTROL_ACLR_A                   ; NONE                 ; Untyped                      ;
; INDATA_ACLR_A                      ; NONE                 ; Untyped                      ;
; BYTEENA_ACLR_A                     ; NONE                 ; Untyped                      ;
; WIDTH_B                            ; 8                    ; Signed Integer               ;
; WIDTHAD_B                          ; 5                    ; Signed Integer               ;
; NUMWORDS_B                         ; 32                   ; Signed Integer               ;
; INDATA_REG_B                       ; CLOCK0               ; Untyped                      ;
; WRCONTROL_WRADDRESS_REG_B          ; CLOCK0               ; Untyped                      ;
; RDCONTROL_REG_B                    ; CLOCK1               ; Untyped                      ;
; ADDRESS_REG_B                      ; CLOCK0               ; Untyped                      ;
; OUTDATA_REG_B                      ; CLOCK0               ; Untyped                      ;
; BYTEENA_REG_B                      ; CLOCK1               ; Untyped                      ;
; INDATA_ACLR_B                      ; NONE                 ; Untyped                      ;
; WRCONTROL_ACLR_B                   ; NONE                 ; Untyped                      ;
; ADDRESS_ACLR_B                     ; NONE                 ; Untyped                      ;
; OUTDATA_ACLR_B                     ; NONE                 ; Untyped                      ;
; RDCONTROL_ACLR_B                   ; NONE                 ; Untyped                      ;
; BYTEENA_ACLR_B                     ; NONE                 ; Untyped                      ;
; WIDTH_BYTEENA_A                    ; 1                    ; Signed Integer               ;
; WIDTH_BYTEENA_B                    ; 1                    ; Signed Integer               ;
; RAM_BLOCK_TYPE                     ; AUTO                 ; Untyped                      ;
; BYTE_SIZE                          ; 8                    ; Signed Integer               ;
; READ_DURING_WRITE_MODE_MIXED_PORTS ; DONT_CARE            ; Untyped                      ;
; READ_DURING_WRITE_MODE_PORT_A      ; NEW_DATA_NO_NBE_READ ; Untyped                      ;
; READ_DURING_WRITE_MODE_PORT_B      ; NEW_DATA_NO_NBE_READ ; Untyped                      ;
; INIT_FILE                          ; img_cpt.hex          ; Untyped                      ;
; INIT_FILE_LAYOUT                   ; PORT_A               ; Untyped                      ;
; MAXIMUM_DEPTH                      ; 0                    ; Signed Integer               ;
; CLOCK_ENABLE_INPUT_A               ; BYPASS               ; Untyped                      ;
; CLOCK_ENABLE_INPUT_B               ; BYPASS               ; Untyped                      ;
; CLOCK_ENABLE_OUTPUT_A              ; BYPASS               ; Untyped                      ;
; CLOCK_ENABLE_OUTPUT_B              ; BYPASS               ; Untyped                      ;
; CLOCK_ENABLE_CORE_A                ; USE_INPUT_CLKEN      ; Untyped                      ;
; CLOCK_ENABLE_CORE_B                ; USE_INPUT_CLKEN      ; Untyped                      ;
; ENABLE_ECC                         ; FALSE                ; Untyped                      ;
; ECC_PIPELINE_STAGE_ENABLED         ; FALSE                ; Untyped                      ;
; WIDTH_ECCSTATUS                    ; 3                    ; Signed Integer               ;
; DEVICE_FAMILY                      ; Cyclone V            ; Untyped                      ;
; CBXI_PARAMETER                     ; altsyncram_2b04      ; Untyped                      ;
+------------------------------------+----------------------+------------------------------+
Note: In order to hide this table in the UI and the text report file, please set the "Show Parameter Settings in Synthesis Report" option in "Analysis and Synthesis Settings -> More Settings" to "Off".


+-------------------------------------------------------------------------------------------------+
; Parameter Settings for User Entity Instance: filter:rom_filter1|altsyncram:altsyncram_component ;
+------------------------------------+----------------------+-------------------------------------+
; Parameter Name                     ; Value                ; Type                                ;
+------------------------------------+----------------------+-------------------------------------+
; BYTE_SIZE_BLOCK                    ; 8                    ; Untyped                             ;
; AUTO_CARRY_CHAINS                  ; ON                   ; AUTO_CARRY                          ;
; IGNORE_CARRY_BUFFERS               ; OFF                  ; IGNORE_CARRY                        ;
; AUTO_CASCADE_CHAINS                ; ON                   ; AUTO_CASCADE                        ;
; IGNORE_CASCADE_BUFFERS             ; OFF                  ; IGNORE_CASCADE                      ;
; WIDTH_BYTEENA                      ; 1                    ; Untyped                             ;
; OPERATION_MODE                     ; BIDIR_DUAL_PORT      ; Untyped                             ;
; WIDTH_A                            ; 9                    ; Signed Integer                      ;
; WIDTHAD_A                          ; 5                    ; Signed Integer                      ;
; NUMWORDS_A                         ; 32                   ; Signed Integer                      ;
; OUTDATA_REG_A                      ; CLOCK0               ; Untyped                             ;
; ADDRESS_ACLR_A                     ; NONE                 ; Untyped                             ;
; OUTDATA_ACLR_A                     ; NONE                 ; Untyped                             ;
; WRCONTROL_ACLR_A                   ; NONE                 ; Untyped                             ;
; INDATA_ACLR_A                      ; NONE                 ; Untyped                             ;
; BYTEENA_ACLR_A                     ; NONE                 ; Untyped                             ;
; WIDTH_B                            ; 9                    ; Signed Integer                      ;
; WIDTHAD_B                          ; 5                    ; Signed Integer                      ;
; NUMWORDS_B                         ; 32                   ; Signed Integer                      ;
; INDATA_REG_B                       ; CLOCK0               ; Untyped                             ;
; WRCONTROL_WRADDRESS_REG_B          ; CLOCK0               ; Untyped                             ;
; RDCONTROL_REG_B                    ; CLOCK1               ; Untyped                             ;
; ADDRESS_REG_B                      ; CLOCK0               ; Untyped                             ;
; OUTDATA_REG_B                      ; CLOCK0               ; Untyped                             ;
; BYTEENA_REG_B                      ; CLOCK1               ; Untyped                             ;
; INDATA_ACLR_B                      ; NONE                 ; Untyped                             ;
; WRCONTROL_ACLR_B                   ; NONE                 ; Untyped                             ;
; ADDRESS_ACLR_B                     ; NONE                 ; Untyped                             ;
; OUTDATA_ACLR_B                     ; NONE                 ; Untyped                             ;
; RDCONTROL_ACLR_B                   ; NONE                 ; Untyped                             ;
; BYTEENA_ACLR_B                     ; NONE                 ; Untyped                             ;
; WIDTH_BYTEENA_A                    ; 1                    ; Signed Integer                      ;
; WIDTH_BYTEENA_B                    ; 1                    ; Signed Integer                      ;
; RAM_BLOCK_TYPE                     ; AUTO                 ; Untyped                             ;
; BYTE_SIZE                          ; 8                    ; Signed Integer                      ;
; READ_DURING_WRITE_MODE_MIXED_PORTS ; DONT_CARE            ; Untyped                             ;
; READ_DURING_WRITE_MODE_PORT_A      ; NEW_DATA_NO_NBE_READ ; Untyped                             ;
; READ_DURING_WRITE_MODE_PORT_B      ; NEW_DATA_NO_NBE_READ ; Untyped                             ;
; INIT_FILE                          ; filter.hex           ; Untyped                             ;
; INIT_FILE_LAYOUT                   ; PORT_A               ; Untyped                             ;
; MAXIMUM_DEPTH                      ; 0                    ; Signed Integer                      ;
; CLOCK_ENABLE_INPUT_A               ; BYPASS               ; Untyped                             ;
; CLOCK_ENABLE_INPUT_B               ; BYPASS               ; Untyped                             ;
; CLOCK_ENABLE_OUTPUT_A              ; BYPASS               ; Untyped                             ;
; CLOCK_ENABLE_OUTPUT_B              ; BYPASS               ; Untyped                             ;
; CLOCK_ENABLE_CORE_A                ; USE_INPUT_CLKEN      ; Untyped                             ;
; CLOCK_ENABLE_CORE_B                ; USE_INPUT_CLKEN      ; Untyped                             ;
; ENABLE_ECC                         ; FALSE                ; Untyped                             ;
; ECC_PIPELINE_STAGE_ENABLED         ; FALSE                ; Untyped                             ;
; WIDTH_ECCSTATUS                    ; 3                    ; Signed Integer                      ;
; DEVICE_FAMILY                      ; Cyclone V            ; Untyped                             ;
; CBXI_PARAMETER                     ; altsyncram_7804      ; Untyped                             ;
+------------------------------------+----------------------+-------------------------------------+
Note: In order to hide this table in the UI and the text report file, please set the "Show Parameter Settings in Synthesis Report" option in "Analysis and Synthesis Settings -> More Settings" to "Off".


+-------------------------------------------------------------------------------------------------+
; Parameter Settings for User Entity Instance: filter:rom_filter2|altsyncram:altsyncram_component ;
+------------------------------------+----------------------+-------------------------------------+
; Parameter Name                     ; Value                ; Type                                ;
+------------------------------------+----------------------+-------------------------------------+
; BYTE_SIZE_BLOCK                    ; 8                    ; Untyped                             ;
; AUTO_CARRY_CHAINS                  ; ON                   ; AUTO_CARRY                          ;
; IGNORE_CARRY_BUFFERS               ; OFF                  ; IGNORE_CARRY                        ;
; AUTO_CASCADE_CHAINS                ; ON                   ; AUTO_CASCADE                        ;
; IGNORE_CASCADE_BUFFERS             ; OFF                  ; IGNORE_CASCADE                      ;
; WIDTH_BYTEENA                      ; 1                    ; Untyped                             ;
; OPERATION_MODE                     ; BIDIR_DUAL_PORT      ; Untyped                             ;
; WIDTH_A                            ; 9                    ; Signed Integer                      ;
; WIDTHAD_A                          ; 5                    ; Signed Integer                      ;
; NUMWORDS_A                         ; 32                   ; Signed Integer                      ;
; OUTDATA_REG_A                      ; CLOCK0               ; Untyped                             ;
; ADDRESS_ACLR_A                     ; NONE                 ; Untyped                             ;
; OUTDATA_ACLR_A                     ; NONE                 ; Untyped                             ;
; WRCONTROL_ACLR_A                   ; NONE                 ; Untyped                             ;
; INDATA_ACLR_A                      ; NONE                 ; Untyped                             ;
; BYTEENA_ACLR_A                     ; NONE                 ; Untyped                             ;
; WIDTH_B                            ; 9                    ; Signed Integer                      ;
; WIDTHAD_B                          ; 5                    ; Signed Integer                      ;
; NUMWORDS_B                         ; 32                   ; Signed Integer                      ;
; INDATA_REG_B                       ; CLOCK0               ; Untyped                             ;
; WRCONTROL_WRADDRESS_REG_B          ; CLOCK0               ; Untyped                             ;
; RDCONTROL_REG_B                    ; CLOCK1               ; Untyped                             ;
; ADDRESS_REG_B                      ; CLOCK0               ; Untyped                             ;
; OUTDATA_REG_B                      ; CLOCK0               ; Untyped                             ;
; BYTEENA_REG_B                      ; CLOCK1               ; Untyped                             ;
; INDATA_ACLR_B                      ; NONE                 ; Untyped                             ;
; WRCONTROL_ACLR_B                   ; NONE                 ; Untyped                             ;
; ADDRESS_ACLR_B                     ; NONE                 ; Untyped                             ;
; OUTDATA_ACLR_B                     ; NONE                 ; Untyped                             ;
; RDCONTROL_ACLR_B                   ; NONE                 ; Untyped                             ;
; BYTEENA_ACLR_B                     ; NONE                 ; Untyped                             ;
; WIDTH_BYTEENA_A                    ; 1                    ; Signed Integer                      ;
; WIDTH_BYTEENA_B                    ; 1                    ; Signed Integer                      ;
; RAM_BLOCK_TYPE                     ; AUTO                 ; Untyped                             ;
; BYTE_SIZE                          ; 8                    ; Signed Integer                      ;
; READ_DURING_WRITE_MODE_MIXED_PORTS ; DONT_CARE            ; Untyped                             ;
; READ_DURING_WRITE_MODE_PORT_A      ; NEW_DATA_NO_NBE_READ ; Untyped                             ;
; READ_DURING_WRITE_MODE_PORT_B      ; NEW_DATA_NO_NBE_READ ; Untyped                             ;
; INIT_FILE                          ; filter.hex           ; Untyped                             ;
; INIT_FILE_LAYOUT                   ; PORT_A               ; Untyped                             ;
; MAXIMUM_DEPTH                      ; 0                    ; Signed Integer                      ;
; CLOCK_ENABLE_INPUT_A               ; BYPASS               ; Untyped                             ;
; CLOCK_ENABLE_INPUT_B               ; BYPASS               ; Untyped                             ;
; CLOCK_ENABLE_OUTPUT_A              ; BYPASS               ; Untyped                             ;
; CLOCK_ENABLE_OUTPUT_B              ; BYPASS               ; Untyped                             ;
; CLOCK_ENABLE_CORE_A                ; USE_INPUT_CLKEN      ; Untyped                             ;
; CLOCK_ENABLE_CORE_B                ; USE_INPUT_CLKEN      ; Untyped                             ;
; ENABLE_ECC                         ; FALSE                ; Untyped                             ;
; ECC_PIPELINE_STAGE_ENABLED         ; FALSE                ; Untyped                             ;
; WIDTH_ECCSTATUS                    ; 3                    ; Signed Integer                      ;
; DEVICE_FAMILY                      ; Cyclone V            ; Untyped                             ;
; CBXI_PARAMETER                     ; altsyncram_7804      ; Untyped                             ;
+------------------------------------+----------------------+-------------------------------------+
Note: In order to hide this table in the UI and the text report file, please set the "Show Parameter Settings in Synthesis Report" option in "Analysis and Synthesis Settings -> More Settings" to "Off".


+------------------------------------------------------------------------------------------------+
; altsyncram Parameter Settings by Entity Instance                                               ;
+-------------------------------------------+----------------------------------------------------+
; Name                                      ; Value                                              ;
+-------------------------------------------+----------------------------------------------------+
; Number of entity instances                ; 3                                                  ;
; Entity Instance                           ; img:rom_img|altsyncram:altsyncram_component        ;
;     -- OPERATION_MODE                     ; BIDIR_DUAL_PORT                                    ;
;     -- WIDTH_A                            ; 8                                                  ;
;     -- NUMWORDS_A                         ; 32                                                 ;
;     -- OUTDATA_REG_A                      ; CLOCK0                                             ;
;     -- WIDTH_B                            ; 8                                                  ;
;     -- NUMWORDS_B                         ; 32                                                 ;
;     -- ADDRESS_REG_B                      ; CLOCK0                                             ;
;     -- OUTDATA_REG_B                      ; CLOCK0                                             ;
;     -- RAM_BLOCK_TYPE                     ; AUTO                                               ;
;     -- READ_DURING_WRITE_MODE_MIXED_PORTS ; DONT_CARE                                          ;
; Entity Instance                           ; filter:rom_filter1|altsyncram:altsyncram_component ;
;     -- OPERATION_MODE                     ; BIDIR_DUAL_PORT                                    ;
;     -- WIDTH_A                            ; 9                                                  ;
;     -- NUMWORDS_A                         ; 32                                                 ;
;     -- OUTDATA_REG_A                      ; CLOCK0                                             ;
;     -- WIDTH_B                            ; 9                                                  ;
;     -- NUMWORDS_B                         ; 32                                                 ;
;     -- ADDRESS_REG_B                      ; CLOCK0                                             ;
;     -- OUTDATA_REG_B                      ; CLOCK0                                             ;
;     -- RAM_BLOCK_TYPE                     ; AUTO                                               ;
;     -- READ_DURING_WRITE_MODE_MIXED_PORTS ; DONT_CARE                                          ;
; Entity Instance                           ; filter:rom_filter2|altsyncram:altsyncram_component ;
;     -- OPERATION_MODE                     ; BIDIR_DUAL_PORT                                    ;
;     -- WIDTH_A                            ; 9                                                  ;
;     -- NUMWORDS_A                         ; 32                                                 ;
;     -- OUTDATA_REG_A                      ; CLOCK0                                             ;
;     -- WIDTH_B                            ; 9                                                  ;
;     -- NUMWORDS_B                         ; 32                                                 ;
;     -- ADDRESS_REG_B                      ; CLOCK0                                             ;
;     -- OUTDATA_REG_B                      ; CLOCK0                                             ;
;     -- RAM_BLOCK_TYPE                     ; AUTO                                               ;
;     -- READ_DURING_WRITE_MODE_MIXED_PORTS ; DONT_CARE                                          ;
+-------------------------------------------+----------------------------------------------------+


+-----------------------------------------------------+
; Post-Synthesis Netlist Statistics for Top Partition ;
+-----------------------+-----------------------------+
; Type                  ; Count                       ;
+-----------------------+-----------------------------+
; arriav_ff             ; 232                         ;
;     ENA               ; 167                         ;
;     ENA SCLR          ; 8                           ;
;     ENA SLD           ; 45                          ;
;     SCLR              ; 8                           ;
;     plain             ; 4                           ;
; arriav_lcell_comb     ; 144                         ;
;     arith             ; 10                          ;
;         2 data inputs ; 10                          ;
;     normal            ; 54                          ;
;         0 data inputs ; 1                           ;
;         1 data inputs ; 1                           ;
;         2 data inputs ; 10                          ;
;         3 data inputs ; 15                          ;
;         4 data inputs ; 10                          ;
;         5 data inputs ; 11                          ;
;         6 data inputs ; 6                           ;
;     shared            ; 80                          ;
;         3 data inputs ; 80                          ;
; arriav_mac            ; 18                          ;
; boundary_port         ; 10                          ;
; stratixv_ram_block    ; 26                          ;
;                       ;                             ;
; Max LUT depth         ; 4.80                        ;
; Average LUT depth     ; 2.65                        ;
+-----------------------+-----------------------------+


+-------------------------------+
; Elapsed Time Per Partition    ;
+----------------+--------------+
; Partition Name ; Elapsed Time ;
+----------------+--------------+
; Top            ; 00:00:01     ;
+----------------+--------------+


+-------------------------------+
; Analysis & Synthesis Messages ;
+-------------------------------+
Info: *******************************************************************
Info: Running Quartus Prime Analysis & Synthesis
    Info: Version 16.1.0 Build 196 10/24/2016 SJ Standard Edition
    Info: Processing started: Mon Jul  8 18:54:56 2019
Info: Command: quartus_map --read_settings_files=on --write_settings_files=off matrixCNN -c matrixCNN
Warning (18236): Number of processors has not been specified which may cause overloading on shared machines.  Set the global assignment NUM_PARALLEL_PROCESSORS in your QSF to an appropriate value for best performance.
Info (20032): Parallel compilation is enabled and will use up to 4 processors
Info (12021): Found 2 design units, including 1 entities, in source file convolution_1_pixel.vhd
    Info (12022): Found design unit 1: convolution_1_pixel-cv_1_bit File: /home/caio/Documentos/FPGA/matrixCNNv2/convolution_1_pixel.vhd Line: 16
    Info (12023): Found entity 1: convolution_1_pixel File: /home/caio/Documentos/FPGA/matrixCNNv2/convolution_1_pixel.vhd Line: 6
Info (12021): Found 2 design units, including 1 entities, in source file convolution_n_pixels.vhd
    Info (12022): Found design unit 1: convolution_n_pixels-cv_n_pixels File: /home/caio/Documentos/FPGA/matrixCNNv2/convolution_n_pixels.vhd Line: 14
    Info (12023): Found entity 1: convolution_n_pixels File: /home/caio/Documentos/FPGA/matrixCNNv2/convolution_n_pixels.vhd Line: 6
Info (12021): Found 2 design units, including 1 entities, in source file img.vhd
    Info (12022): Found design unit 1: img-SYN File: /home/caio/Documentos/FPGA/matrixCNNv2/img.vhd Line: 55
    Info (12023): Found entity 1: img File: /home/caio/Documentos/FPGA/matrixCNNv2/img.vhd Line: 43
Info (12021): Found 2 design units, including 1 entities, in source file filter.vhd
    Info (12022): Found design unit 1: filter-SYN File: /home/caio/Documentos/FPGA/matrixCNNv2/filter.vhd Line: 55
    Info (12023): Found entity 1: filter File: /home/caio/Documentos/FPGA/matrixCNNv2/filter.vhd Line: 43
Info (12127): Elaborating entity "convolution_n_pixels" for the top level hierarchy
Warning (10027): Verilog HDL or VHDL warning at the convolution_n_pixels.vhd(135): index expression is not wide enough to address all of the elements in the array File: /home/caio/Documentos/FPGA/matrixCNNv2/convolution_n_pixels.vhd Line: 135
Warning (10027): Verilog HDL or VHDL warning at the convolution_n_pixels.vhd(146): index expression is not wide enough to address all of the elements in the array File: /home/caio/Documentos/FPGA/matrixCNNv2/convolution_n_pixels.vhd Line: 146
Info (12128): Elaborating entity "convolution_1_pixel" for hierarchy "convolution_1_pixel:cv_1" File: /home/caio/Documentos/FPGA/matrixCNNv2/convolution_n_pixels.vhd Line: 76
Info (12128): Elaborating entity "img" for hierarchy "img:rom_img" File: /home/caio/Documentos/FPGA/matrixCNNv2/convolution_n_pixels.vhd Line: 93
Info (12128): Elaborating entity "altsyncram" for hierarchy "img:rom_img|altsyncram:altsyncram_component" File: /home/caio/Documentos/FPGA/matrixCNNv2/img.vhd Line: 70
Info (12130): Elaborated megafunction instantiation "img:rom_img|altsyncram:altsyncram_component" File: /home/caio/Documentos/FPGA/matrixCNNv2/img.vhd Line: 70
Info (12133): Instantiated megafunction "img:rom_img|altsyncram:altsyncram_component" with the following parameter: File: /home/caio/Documentos/FPGA/matrixCNNv2/img.vhd Line: 70
    Info (12134): Parameter "address_aclr_a" = "UNUSED"
    Info (12134): Parameter "address_aclr_b" = "NONE"
    Info (12134): Parameter "address_reg_b" = "CLOCK0"
    Info (12134): Parameter "byte_size" = "8"
    Info (12134): Parameter "byteena_aclr_a" = "UNUSED"
    Info (12134): Parameter "byteena_aclr_b" = "NONE"
    Info (12134): Parameter "byteena_reg_b" = "CLOCK1"
    Info (12134): Parameter "clock_enable_core_a" = "USE_INPUT_CLKEN"
    Info (12134): Parameter "clock_enable_core_b" = "USE_INPUT_CLKEN"
    Info (12134): Parameter "clock_enable_input_a" = "BYPASS"
    Info (12134): Parameter "clock_enable_input_b" = "BYPASS"
    Info (12134): Parameter "clock_enable_output_a" = "BYPASS"
    Info (12134): Parameter "clock_enable_output_b" = "BYPASS"
    Info (12134): Parameter "intended_device_family" = "Cyclone V"
    Info (12134): Parameter "ecc_pipeline_stage_enabled" = "FALSE"
    Info (12134): Parameter "enable_ecc" = "FALSE"
    Info (12134): Parameter "implement_in_les" = "OFF"
    Info (12134): Parameter "indata_aclr_a" = "UNUSED"
    Info (12134): Parameter "indata_aclr_b" = "NONE"
    Info (12134): Parameter "indata_reg_b" = "CLOCK0"
    Info (12134): Parameter "init_file" = "img_cpt.hex"
    Info (12134): Parameter "init_file_layout" = "PORT_A"
    Info (12134): Parameter "maximum_depth" = "0"
    Info (12134): Parameter "numwords_a" = "32"
    Info (12134): Parameter "numwords_b" = "32"
    Info (12134): Parameter "operation_mode" = "BIDIR_DUAL_PORT"
    Info (12134): Parameter "outdata_aclr_a" = "NONE"
    Info (12134): Parameter "outdata_aclr_b" = "NONE"
    Info (12134): Parameter "outdata_reg_a" = "CLOCK0"
    Info (12134): Parameter "outdata_reg_b" = "CLOCK0"
    Info (12134): Parameter "power_up_uninitialized" = "FALSE"
    Info (12134): Parameter "ram_block_type" = "AUTO"
    Info (12134): Parameter "rdcontrol_aclr_b" = "NONE"
    Info (12134): Parameter "rdcontrol_reg_b" = "CLOCK1"
    Info (12134): Parameter "read_during_write_mode_mixed_ports" = "DONT_CARE"
    Info (12134): Parameter "read_during_write_mode_port_a" = "NEW_DATA_NO_NBE_READ"
    Info (12134): Parameter "read_during_write_mode_port_b" = "NEW_DATA_NO_NBE_READ"
    Info (12134): Parameter "stratixiv_m144k_allow_dual_clocks" = "ON"
    Info (12134): Parameter "width_a" = "8"
    Info (12134): Parameter "width_b" = "8"
    Info (12134): Parameter "width_byteena_a" = "1"
    Info (12134): Parameter "width_byteena_b" = "1"
    Info (12134): Parameter "width_eccstatus" = "3"
    Info (12134): Parameter "widthad_a" = "5"
    Info (12134): Parameter "widthad_b" = "5"
    Info (12134): Parameter "wrcontrol_aclr_a" = "UNUSED"
    Info (12134): Parameter "wrcontrol_aclr_b" = "NONE"
    Info (12134): Parameter "wrcontrol_wraddress_reg_b" = "CLOCK0"
    Info (12134): Parameter "lpm_hint" = "UNUSED"
    Info (12134): Parameter "lpm_type" = "altsyncram"
Info (12021): Found 1 design units, including 1 entities, in source file db/altsyncram_2b04.tdf
    Info (12023): Found entity 1: altsyncram_2b04 File: /home/caio/Documentos/FPGA/matrixCNNv2/db/altsyncram_2b04.tdf Line: 28
Info (12128): Elaborating entity "altsyncram_2b04" for hierarchy "img:rom_img|altsyncram:altsyncram_component|altsyncram_2b04:auto_generated" File: /home/caio/intelFPGA/16.1/quartus/libraries/megafunctions/altsyncram.tdf Line: 792
Info (12128): Elaborating entity "filter" for hierarchy "filter:rom_filter1" File: /home/caio/Documentos/FPGA/matrixCNNv2/convolution_n_pixels.vhd Line: 100
Info (12128): Elaborating entity "altsyncram" for hierarchy "filter:rom_filter1|altsyncram:altsyncram_component" File: /home/caio/Documentos/FPGA/matrixCNNv2/filter.vhd Line: 70
Info (12130): Elaborated megafunction instantiation "filter:rom_filter1|altsyncram:altsyncram_component" File: /home/caio/Documentos/FPGA/matrixCNNv2/filter.vhd Line: 70
Info (12133): Instantiated megafunction "filter:rom_filter1|altsyncram:altsyncram_component" with the following parameter: File: /home/caio/Documentos/FPGA/matrixCNNv2/filter.vhd Line: 70
    Info (12134): Parameter "address_aclr_a" = "UNUSED"
    Info (12134): Parameter "address_aclr_b" = "NONE"
    Info (12134): Parameter "address_reg_b" = "CLOCK0"
    Info (12134): Parameter "byte_size" = "8"
    Info (12134): Parameter "byteena_aclr_a" = "UNUSED"
    Info (12134): Parameter "byteena_aclr_b" = "NONE"
    Info (12134): Parameter "byteena_reg_b" = "CLOCK1"
    Info (12134): Parameter "clock_enable_core_a" = "USE_INPUT_CLKEN"
    Info (12134): Parameter "clock_enable_core_b" = "USE_INPUT_CLKEN"
    Info (12134): Parameter "clock_enable_input_a" = "BYPASS"
    Info (12134): Parameter "clock_enable_input_b" = "BYPASS"
    Info (12134): Parameter "clock_enable_output_a" = "BYPASS"
    Info (12134): Parameter "clock_enable_output_b" = "BYPASS"
    Info (12134): Parameter "intended_device_family" = "Cyclone V"
    Info (12134): Parameter "ecc_pipeline_stage_enabled" = "FALSE"
    Info (12134): Parameter "enable_ecc" = "FALSE"
    Info (12134): Parameter "implement_in_les" = "OFF"
    Info (12134): Parameter "indata_aclr_a" = "UNUSED"
    Info (12134): Parameter "indata_aclr_b" = "NONE"
    Info (12134): Parameter "indata_reg_b" = "CLOCK0"
    Info (12134): Parameter "init_file" = "filter.hex"
    Info (12134): Parameter "init_file_layout" = "PORT_A"
    Info (12134): Parameter "maximum_depth" = "0"
    Info (12134): Parameter "numwords_a" = "32"
    Info (12134): Parameter "numwords_b" = "32"
    Info (12134): Parameter "operation_mode" = "BIDIR_DUAL_PORT"
    Info (12134): Parameter "outdata_aclr_a" = "NONE"
    Info (12134): Parameter "outdata_aclr_b" = "NONE"
    Info (12134): Parameter "outdata_reg_a" = "CLOCK0"
    Info (12134): Parameter "outdata_reg_b" = "CLOCK0"
    Info (12134): Parameter "power_up_uninitialized" = "FALSE"
    Info (12134): Parameter "ram_block_type" = "AUTO"
    Info (12134): Parameter "rdcontrol_aclr_b" = "NONE"
    Info (12134): Parameter "rdcontrol_reg_b" = "CLOCK1"
    Info (12134): Parameter "read_during_write_mode_mixed_ports" = "DONT_CARE"
    Info (12134): Parameter "read_during_write_mode_port_a" = "NEW_DATA_NO_NBE_READ"
    Info (12134): Parameter "read_during_write_mode_port_b" = "NEW_DATA_NO_NBE_READ"
    Info (12134): Parameter "stratixiv_m144k_allow_dual_clocks" = "ON"
    Info (12134): Parameter "width_a" = "9"
    Info (12134): Parameter "width_b" = "9"
    Info (12134): Parameter "width_byteena_a" = "1"
    Info (12134): Parameter "width_byteena_b" = "1"
    Info (12134): Parameter "width_eccstatus" = "3"
    Info (12134): Parameter "widthad_a" = "5"
    Info (12134): Parameter "widthad_b" = "5"
    Info (12134): Parameter "wrcontrol_aclr_a" = "UNUSED"
    Info (12134): Parameter "wrcontrol_aclr_b" = "NONE"
    Info (12134): Parameter "wrcontrol_wraddress_reg_b" = "CLOCK0"
    Info (12134): Parameter "lpm_hint" = "UNUSED"
    Info (12134): Parameter "lpm_type" = "altsyncram"
Info (12021): Found 1 design units, including 1 entities, in source file db/altsyncram_7804.tdf
    Info (12023): Found entity 1: altsyncram_7804 File: /home/caio/Documentos/FPGA/matrixCNNv2/db/altsyncram_7804.tdf Line: 28
Info (12128): Elaborating entity "altsyncram_7804" for hierarchy "filter:rom_filter1|altsyncram:altsyncram_component|altsyncram_7804:auto_generated" File: /home/caio/intelFPGA/16.1/quartus/libraries/megafunctions/altsyncram.tdf Line: 792
Info (286030): Timing-Driven Synthesis is running
Info (16010): Generating hard_block partition "hard_block:auto_generated_inst"
    Info (16011): Adding 0 node(s), including 0 DDIO, 0 PLL, 0 transceiver and 0 LCELL
Info (21057): Implemented 405 device resources after synthesis - the final resource count might be different
    Info (21058): Implemented 2 input pins
    Info (21059): Implemented 8 output pins
    Info (21061): Implemented 351 logic cells
    Info (21064): Implemented 26 RAM segments
    Info (21062): Implemented 18 DSP elements
Info: Quartus Prime Analysis & Synthesis was successful. 0 errors, 3 warnings
    Info: Peak virtual memory: 1126 megabytes
    Info: Processing ended: Mon Jul  8 18:55:11 2019
    Info: Elapsed time: 00:00:15
    Info: Total CPU time (on all processors): 00:00:36


