Flow report for matrixCNN
Mon Jul  8 18:55:57 2019
Quartus Prime Version 16.1.0 Build 196 10/24/2016 SJ Standard Edition


---------------------
; Table of Contents ;
---------------------
  1. Legal Notice
  2. Flow Summary
  3. Flow Settings
  4. Flow Non-Default Global Settings
  5. Flow Elapsed Time
  6. Flow OS Summary
  7. Flow Log
  8. Flow Messages
  9. Flow Suppressed Messages



----------------
; Legal Notice ;
----------------
Copyright (C) 2016  Intel Corporation. All rights reserved.
Your use of Intel Corporation's design tools, logic functions 
and other software and tools, and its AMPP partner logic 
functions, and any output files from any of the foregoing 
(including device programming or simulation files), and any 
associated documentation or information are expressly subject 
to the terms and conditions of the Intel Program License 
Subscription Agreement, the Intel Quartus Prime License Agreement,
the Intel MegaCore Function License Agreement, or other 
applicable license agreement, including, without limitation, 
that your use is for the sole purpose of programming logic 
devices manufactured by Intel and sold by Intel or its 
authorized distributors.  Please refer to the applicable 
agreement for further details.



+-----------------------------------------------------------------------------------+
; Flow Summary                                                                      ;
+---------------------------------+-------------------------------------------------+
; Flow Status                     ; Successful - Mon Jul  8 18:55:57 2019           ;
; Quartus Prime Version           ; 16.1.0 Build 196 10/24/2016 SJ Standard Edition ;
; Revision Name                   ; matrixCNN                                       ;
; Top-level Entity Name           ; convolution_n_pixels                            ;
; Family                          ; Cyclone V                                       ;
; Device                          ; 5CEBA4F23C7                                     ;
; Timing Models                   ; Final                                           ;
; Logic utilization (in ALMs)     ; 111 / 18,480 ( < 1 % )                          ;
; Total registers                 ; 70                                              ;
; Total pins                      ; 10 / 224 ( 4 % )                                ;
; Total virtual pins              ; 0                                               ;
; Total block memory bits         ; 832 / 3,153,920 ( < 1 % )                       ;
; Total DSP Blocks                ; 18 / 66 ( 27 % )                                ;
; Total HSSI RX PCSs              ; 0                                               ;
; Total HSSI PMA RX Deserializers ; 0                                               ;
; Total HSSI TX PCSs              ; 0                                               ;
; Total HSSI PMA TX Serializers   ; 0                                               ;
; Total PLLs                      ; 0 / 4 ( 0 % )                                   ;
; Total DLLs                      ; 0 / 4 ( 0 % )                                   ;
+---------------------------------+-------------------------------------------------+


+-----------------------------------------+
; Flow Settings                           ;
+-------------------+---------------------+
; Option            ; Setting             ;
+-------------------+---------------------+
; Start date & time ; 07/08/2019 18:54:56 ;
; Main task         ; Compilation         ;
; Revision Name     ; matrixCNN           ;
+-------------------+---------------------+


+--------------------------------------------------------------------------------------------------------------------------------------+
; Flow Non-Default Global Settings                                                                                                     ;
+-------------------------------------+----------------------------------------+---------------+----------------------+----------------+
; Assignment Name                     ; Value                                  ; Default Value ; Entity Name          ; Section Id     ;
+-------------------------------------+----------------------------------------+---------------+----------------------+----------------+
; COMPILER_SIGNATURE_ID               ; 211979058115994.156262289623662        ; --            ; --                   ; --             ;
; EDA_OUTPUT_DATA_FORMAT              ; Vhdl                                   ; --            ; --                   ; eda_simulation ;
; EDA_SIMULATION_TOOL                 ; ModelSim-Altera (VHDL)                 ; <None>        ; --                   ; --             ;
; EDA_TIME_SCALE                      ; 1 ps                                   ; --            ; --                   ; eda_simulation ;
; MAX_CORE_JUNCTION_TEMP              ; 85                                     ; --            ; --                   ; --             ;
; MIN_CORE_JUNCTION_TEMP              ; 0                                      ; --            ; --                   ; --             ;
; MISC_FILE                           ; img.cmp                                ; --            ; --                   ; --             ;
; MISC_FILE                           ; filter.cmp                             ; --            ; --                   ; --             ;
; PARTITION_COLOR                     ; -- (Not supported for targeted family) ; --            ; convolution_n_pixels ; Top            ;
; PARTITION_FITTER_PRESERVATION_LEVEL ; -- (Not supported for targeted family) ; --            ; convolution_n_pixels ; Top            ;
; PARTITION_NETLIST_TYPE              ; -- (Not supported for targeted family) ; --            ; convolution_n_pixels ; Top            ;
; PROJECT_OUTPUT_DIRECTORY            ; output_files                           ; --            ; --                   ; --             ;
; TOP_LEVEL_ENTITY                    ; convolution_n_pixels                   ; matrixCNN     ; --                   ; --             ;
+-------------------------------------+----------------------------------------+---------------+----------------------+----------------+


+-------------------------------------------------------------------------------------------------------------------------------+
; Flow Elapsed Time                                                                                                             ;
+---------------------------+--------------+-------------------------+---------------------+------------------------------------+
; Module Name               ; Elapsed Time ; Average Processors Used ; Peak Virtual Memory ; Total CPU Time (on all processors) ;
+---------------------------+--------------+-------------------------+---------------------+------------------------------------+
; Analysis & Synthesis      ; 00:00:15     ; 1.0                     ; 1086 MB             ; 00:00:36                           ;
; Fitter                    ; 00:00:28     ; 1.1                     ; 1930 MB             ; 00:00:52                           ;
; Assembler                 ; 00:00:05     ; 1.0                     ; 975 MB              ; 00:00:05                           ;
; TimeQuest Timing Analyzer ; 00:00:07     ; 1.4                     ; 1190 MB             ; 00:00:08                           ;
; EDA Netlist Writer        ; 00:00:01     ; 1.0                     ; 1158 MB             ; 00:00:01                           ;
; Total                     ; 00:00:56     ; --                      ; --                  ; 00:01:42                           ;
+---------------------------+--------------+-------------------------+---------------------+------------------------------------+


+---------------------------------------------------------------------------------------------+
; Flow OS Summary                                                                             ;
+---------------------------+------------------+----------------+------------+----------------+
; Module Name               ; Machine Hostname ; OS Name        ; OS Version ; Processor type ;
+---------------------------+------------------+----------------+------------+----------------+
; Analysis & Synthesis      ; caio-dell        ; Ubuntu 18.04.2 ; 18         ; x86_64         ;
; Fitter                    ; caio-dell        ; Ubuntu 18.04.2 ; 18         ; x86_64         ;
; Assembler                 ; caio-dell        ; Ubuntu 18.04.2 ; 18         ; x86_64         ;
; TimeQuest Timing Analyzer ; caio-dell        ; Ubuntu 18.04.2 ; 18         ; x86_64         ;
; EDA Netlist Writer        ; caio-dell        ; Ubuntu 18.04.2 ; 18         ; x86_64         ;
+---------------------------+------------------+----------------+------------+----------------+


------------
; Flow Log ;
------------
quartus_map --read_settings_files=on --write_settings_files=off matrixCNN -c matrixCNN
quartus_fit --read_settings_files=off --write_settings_files=off matrixCNN -c matrixCNN
quartus_asm --read_settings_files=off --write_settings_files=off matrixCNN -c matrixCNN
quartus_sta matrixCNN -c matrixCNN
quartus_eda --read_settings_files=off --write_settings_files=off matrixCNN -c matrixCNN



